Traceback (most recent call last):
  File "/usr/local/lib/python3.11/dist-packages/jupyter_core/utils/__init__.py", line 154, in wrapped
    asyncio.get_running_loop()
RuntimeError: no running event loop

During handling of the above exception, another exception occurred:

Traceback (most recent call last):
  File "/usr/local/lib/python3.11/dist-packages/jupyter_cache/executors/utils.py", line 58, in single_nb_execution
    executenb(
  File "/usr/local/lib/python3.11/dist-packages/nbclient/client.py", line 1319, in execute
    return NotebookClient(nb=nb, resources=resources, km=km, **kwargs).execute()
           ^^^^^^^^^^^^^^^^^^^^^^^^^^^^^^^^^^^^^^^^^^^^^^^^^^^^^^^^^^^^^^^^^^^^^
  File "/usr/local/lib/python3.11/dist-packages/jupyter_core/utils/__init__.py", line 158, in wrapped
    return loop.run_until_complete(inner)
           ^^^^^^^^^^^^^^^^^^^^^^^^^^^^^^
  File "/usr/lib/python3.11/asyncio/base_events.py", line 654, in run_until_complete
    return future.result()
           ^^^^^^^^^^^^^^^
  File "/usr/local/lib/python3.11/dist-packages/nbclient/client.py", line 709, in async_execute
    await self.async_execute_cell(
  File "/usr/local/lib/python3.11/dist-packages/nbclient/client.py", line 1062, in async_execute_cell
    await self._check_raise_for_error(cell, cell_index, exec_reply)
  File "/usr/local/lib/python3.11/dist-packages/nbclient/client.py", line 918, in _check_raise_for_error
    raise CellExecutionError.from_cell_and_msg(cell, exec_reply_content)
nbclient.exceptions.CellExecutionError: An error occurred while executing the following cell:
------------------
abalone = fetch_ucirepo(id=1)
X = abalone.data.features
y = abalone.data.targets

# Gabungkan fitur dan target ke satu DataFrame
df = X.copy()
df['Rings'] = y

# âœ… One-hot encoding untuk kolom 'Sex' (drop_first untuk menghindari dummy trap)
df_encoded = pd.get_dummies(df, columns=['Sex'], drop_first=True)

# âœ… Binning 'Rings' menjadi kelas umur
df_encoded['AgeGroup'] = pd.cut(
    df_encoded['Rings'],
    bins=[0, 8, 11, df_encoded['Rings'].max()],
    labels=['Muda', 'Dewasa', 'Tua']
)

# âœ… Normalisasi fitur numerik (selain 'Rings' dan 'AgeGroup')
scaler = MinMaxScaler()
numerical_cols = df_encoded.drop(columns=['Rings', 'AgeGroup']).columns
df_encoded[numerical_cols] = scaler.fit_transform(df_encoded[numerical_cols])

# âœ… Tampilkan 5 data pertama dengan tabulate
print("\n--- Contoh Data Setelah Transformasi ---")
print(tabulate(df_encoded.head().reset_index(drop=True), headers='keys', tablefmt='grid'))

# âœ… Tampilkan distribusi kelas target AgeGroup dengan tabulate
print("\n--- Distribusi Kelas Umur (AgeGroup) ---")
age_dist = df_encoded['AgeGroup'].value_counts().reset_index()
age_dist.columns = ['AgeGroup', 'Jumlah']
print(tabulate(age_dist, headers='keys', tablefmt='grid'))
------------------


[0;31m---------------------------------------------------------------------------[0m
[0;31mNameError[0m                                 Traceback (most recent call last)
[0;32m/tmp/ipython-input-7-3421413927.py[0m in [0;36m<cell line: 0>[0;34m()[0m
[1;32m     18[0m [0;34m[0m[0m
[1;32m     19[0m [0;31m# âœ… Normalisasi fitur numerik (selain 'Rings' dan 'AgeGroup')[0m[0;34m[0m[0;34m[0m[0m
[0;32m---> 20[0;31m [0mscaler[0m [0;34m=[0m [0mMinMaxScaler[0m[0;34m([0m[0;34m)[0m[0;34m[0m[0;34m[0m[0m
[0m[1;32m     21[0m [0mnumerical_cols[0m [0;34m=[0m [0mdf_encoded[0m[0;34m.[0m[0mdrop[0m[0;34m([0m[0mcolumns[0m[0;34m=[0m[0;34m[[0m[0;34m'Rings'[0m[0;34m,[0m [0;34m'AgeGroup'[0m[0;34m][0m[0;34m)[0m[0;34m.[0m[0mcolumns[0m[0;34m[0m[0;34m[0m[0m
[1;32m     22[0m [0mdf_encoded[0m[0;34m[[0m[0mnumerical_cols[0m[0;34m][0m [0;34m=[0m [0mscaler[0m[0;34m.[0m[0mfit_transform[0m[0;34m([0m[0mdf_encoded[0m[0;34m[[0m[0mnumerical_cols[0m[0;34m][0m[0;34m)[0m[0;34m[0m[0;34m[0m[0m

[0;31mNameError[0m: name 'MinMaxScaler' is not defined

